<?xml version="1.0" encoding="utf-8"?><testsuites><testsuite name="pytest" errors="0" failures="0" skipped="0" tests="1" time="0.065" timestamp="2021-07-15T17:57:39.685388" hostname="dlg-air"><testcase classname="tests.test_chaining" name="test_invalid_method_subclasses_attribute_error" time="0.001" /></testsuite></testsuites>